Change Component Footprint: Designator=P4 Old Footprint=MHDR1X2 New Footprint=HDR1X2
Change Component Footprint: Designator=P7 Old Footprint=MHDR1X2 New Footprint=HDR1X2
Change Component Comment : Designator=P4 Old Comment=MHDR1X2 New Comment=Header 2
Change Component Comment : Designator=P7 Old Comment=MHDR1X2 New Comment=Header 2
Added Component: Designator=P8(HDR1X6)
Add component (AddParameter): Name = "LatestRevisionDate"; Value = "17-Jul-2002"; VariantName = "[No Variations]"
Add component (AddParameter): Name = "LatestRevisionNote"; Value = "Re-released for DXP Platform."; VariantName = "[No Variations]"
Add component (AddParameter): Name = "Publisher"; Value = "Altium Limited"; VariantName = "[No Variations]"
Added Component: Designator=P9(HDR1X6)
Add component (AddParameter): Name = "LatestRevisionDate"; Value = "17-Jul-2002"; VariantName = "[No Variations]"
Add component (AddParameter): Name = "LatestRevisionNote"; Value = "Re-released for DXP Platform."; VariantName = "[No Variations]"
Add component (AddParameter): Name = "Publisher"; Value = "Altium Limited"; VariantName = "[No Variations]"
Added Pin To Net: NetName=NetQ4_1 Pin=P8-1
Added Pin To Net: NetName=NetQ2_3 Pin=P8-2
Added Pin To Net: NetName=NetIC1_18 Pin=P8-3
Added Pin To Net: NetName=NetIC1_19 Pin=P8-4
Added Pin To Net: NetName=NetIC1_19 Pin=P8-5
Added Pin To Net: NetName=NetIC1_18 Pin=P8-6
Added Pin To Net: NetName=NetQ12_1 Pin=P9-1
Added Pin To Net: NetName=NetQ11_1 Pin=P9-2
Added Pin To Net: NetName=NetIC1_21 Pin=P9-3
Added Pin To Net: NetName=NetIC1_22 Pin=P9-4
Added Pin To Net: NetName=NetIC1_22 Pin=P9-5
Added Pin To Net: NetName=NetIC1_21 Pin=P9-6
Change Net Name : Old Net Name=NetIC1_18 New Net Name=FWD_LOWSIDE
Change Net Name : Old Net Name=NetIC1_19 New Net Name=REV_LOWSIDE
Change Net Name : Old Net Name=NetIC1_21 New Net Name=FWD_LOWSIDE
Change Net Name : Old Net Name=NetIC1_22 New Net Name=REV_LOWSIDE
Change Net Name : Old Net Name=NetQ2_3 New Net Name=REV_HIGHSIDE
Change Net Name : Old Net Name=NetQ4_1 New Net Name=FWD_HIGHSIDE
Change Net Name : Old Net Name=NetQ11_1 New Net Name=REV_HIGHSIDE
Change Net Name : Old Net Name=NetQ12_1 New Net Name=FWD_HIGHSIDE
Added Member To Class: ClassName=U_Motor1 Member=Component P8 Header 6
Added Member To Class: ClassName=U_Motor2 Member=Component P9 Header 6
Added Room: Name=U_Alarm
Added Room: Name=U_Motor1
Added Room: Name=U_Motor2
Added Room: Name=U_MSP430
Added Room: Name=U_Power
