Added Component: Designator=IC?(QFN50P300X300X100-17N-D)
Add component. Clean all parameters for all variants
Add component (AddParameter): Name = "Arrow Part Number"; Value = ""; VariantName = "[No Variations]"
Add component (AddParameter): Name = "Arrow Price/Stock"; Value = ""; VariantName = "[No Variations]"
Add component (AddParameter): Name = "Datasheet Link"; Value = "https://www.melexis.com/-/media/files/documents/datasheets/mlx90393-datasheet-melexis.pdf"; VariantName = "[No Variations]"
Add component (AddParameter): Name = "Height"; Value = "1mm"; VariantName = "[No Variations]"
Add component (AddParameter): Name = "Manufacturer_Name"; Value = "Melexis"; VariantName = "[No Variations]"
Add component (AddParameter): Name = "Manufacturer_Part_Number"; Value = "MLX90393ELW-ABA-011-SP"; VariantName = "[No Variations]"
Add component (AddParameter): Name = "Mouser Part Number"; Value = "482-90393ELWABA011SP"; VariantName = "[No Variations]"
Add component (AddParameter): Name = "Mouser Price/Stock"; Value = "https://www.mouser.co.uk/ProductDetail/Melexis/MLX90393ELW-ABA-011-SP?qs=eDRjYdeUVVnKyn0pSFybgg%3D%3D"; VariantName = "[No Variations]"
Added Component: Designator=P?(MHDR1X8)
Add component. Clean all parameters for all variants
Add component (AddParameter): Name = "LatestRevisionDate"; Value = "17-Jul-2002"; VariantName = "[No Variations]"
Add component (AddParameter): Name = "LatestRevisionNote"; Value = "Re-released for DXP Platform."; VariantName = "[No Variations]"
Add component (AddParameter): Name = "Publisher"; Value = "Altium Limited"; VariantName = "[No Variations]"
Added Component: Designator=P?(MHDR1X4)
Add component. Clean all parameters for all variants
Add component (AddParameter): Name = "LatestRevisionDate"; Value = "17-Jul-2002"; VariantName = "[No Variations]"
Add component (AddParameter): Name = "LatestRevisionNote"; Value = "Re-released for DXP Platform."; VariantName = "[No Variations]"
Add component (AddParameter): Name = "Publisher"; Value = "Altium Limited"; VariantName = "[No Variations]"
Added Component: Designator=P?(MHDR1X4)
Add component. Clean all parameters for all variants
Add component (AddParameter): Name = "LatestRevisionDate"; Value = "17-Jul-2002"; VariantName = "[No Variations]"
Add component (AddParameter): Name = "LatestRevisionNote"; Value = "Re-released for DXP Platform."; VariantName = "[No Variations]"
Add component (AddParameter): Name = "Publisher"; Value = "Altium Limited"; VariantName = "[No Variations]"
Added Component: Designator=R?(0402)
Add component. Clean all parameters for all variants
Add component (AddParameter): Name = "AEC Category"; Value = "Q200"; VariantName = "[No Variations]"
Add component (AddParameter): Name = "AEC Grade"; Value = "0"; VariantName = "[No Variations]"
Add component (AddParameter): Name = "AEC Qualified"; Value = "Y"; VariantName = "[No Variations]"
Add component (AddParameter): Name = "Alternate Manufacturer"; Value = ""; VariantName = "[No Variations]"
Add component (AddParameter): Name = "Alternate PartNumber"; Value = ""; VariantName = "[No Variations]"
Add component (AddParameter): Name = "ComponentLink1Description"; Value = "Datasheet link"; VariantName = "[No Variations]"
Add component (AddParameter): Name = "ComponentLink1URL"; Value = "http://www.vishay.com/docs/20035/dcrcwe3.pdf"; VariantName = "[No Variations]"
Add component (AddParameter): Name = "CompType"; Value = "Resistor"; VariantName = "[No Variations]"
Add component (AddParameter): Name = "EIA_Code"; Value = "E24"; VariantName = "[No Variations]"
Add component (AddParameter): Name = "Green_EU RoHS"; Value = ""; VariantName = "[No Variations]"
Add component (AddParameter): Name = "Green_EU RoHS-2"; Value = ""; VariantName = "[No Variations]"
Add component (AddParameter): Name = "Green_Lifecycle"; Value = ""; VariantName = "[No Variations]"
Add component (AddParameter): Name = "Green_REACh"; Value = ""; VariantName = "[No Variations]"
Add component (AddParameter): Name = "Manufacturer"; Value = "Vishay-Dale"; VariantName = "[No Variations]"
Add component (AddParameter): Name = "MountType"; Value = "SMT"; VariantName = "[No Variations]"
Add component (AddParameter): Name = "PackageReference"; Value = "0402"; VariantName = "[No Variations]"
Add component (AddParameter): Name = "PartNumber"; Value = "CRCW04023K30JNED"; VariantName = "[No Variations]"
Add component (AddParameter): Name = "Power_W"; Value = "63mW"; VariantName = "[No Variations]"
Add component (AddParameter): Name = "Res_ohm"; Value = "3.3k"; VariantName = "[No Variations]"
Add component (AddParameter): Name = "RoHS"; Value = "E"; VariantName = "[No Variations]"
Add component (AddParameter): Name = "SizeArea_mm2"; Value = "0.5"; VariantName = "[No Variations]"
Add component (AddParameter): Name = "SizeX_mm"; Value = "1"; VariantName = "[No Variations]"
Add component (AddParameter): Name = "SizeY_mm"; Value = "0.5"; VariantName = "[No Variations]"
Add component (AddParameter): Name = "SizeZ_mm"; Value = "0.6"; VariantName = "[No Variations]"
Add component (AddParameter): Name = "Supplier 1"; Value = "Digi-Key"; VariantName = "[No Variations]"
Add component (AddParameter): Name = "Supplier 2"; Value = "Newark"; VariantName = "[No Variations]"
Add component (AddParameter): Name = "Supplier 3"; Value = "Mouser"; VariantName = "[No Variations]"
Add component (AddParameter): Name = "Supplier Part Number 1"; Value = "541-3.3KJCT-ND"; VariantName = "[No Variations]"
Add component (AddParameter): Name = "Supplier Part Number 2"; Value = "59M6723"; VariantName = "[No Variations]"
Add component (AddParameter): Name = "Supplier Part Number 3"; Value = "71-CRCW0402J-3.3K-E3"; VariantName = "[No Variations]"
Add component (AddParameter): Name = "Technology"; Value = "Thick Film"; VariantName = "[No Variations]"
Add component (AddParameter): Name = "TempCo"; Value = "200 ppm/C"; VariantName = "[No Variations]"
Add component (AddParameter): Name = "Tolerance_%"; Value = "5%"; VariantName = "[No Variations]"
Add component (AddParameter): Name = "Value"; Value = "3.3k"; VariantName = "[No Variations]"
Add component (AddParameter): Name = "Value1"; Value = "5%"; VariantName = "[No Variations]"
Add component (AddParameter): Name = "Value2"; Value = "0.063W"; VariantName = "[No Variations]"
Add component (AddParameter): Name = "Value_Code"; Value = "3k30"; VariantName = "[No Variations]"
Add component (AddParameter): Name = "ValueDisplayed"; Value = "3.3k"; VariantName = "[No Variations]"
Add component (AddParameter): Name = "VDC_V"; Value = "50V"; VariantName = "[No Variations]"
Added Component: Designator=R?(0402)
Add component. Clean all parameters for all variants
Add component (AddParameter): Name = "AEC Category"; Value = "Q200"; VariantName = "[No Variations]"
Add component (AddParameter): Name = "AEC Grade"; Value = "0"; VariantName = "[No Variations]"
Add component (AddParameter): Name = "AEC Qualified"; Value = "Y"; VariantName = "[No Variations]"
Add component (AddParameter): Name = "Alternate Manufacturer"; Value = ""; VariantName = "[No Variations]"
Add component (AddParameter): Name = "Alternate PartNumber"; Value = ""; VariantName = "[No Variations]"
Add component (AddParameter): Name = "ComponentLink1Description"; Value = "Datasheet link"; VariantName = "[No Variations]"
Add component (AddParameter): Name = "ComponentLink1URL"; Value = "http://www.vishay.com/docs/20035/dcrcwe3.pdf"; VariantName = "[No Variations]"
Add component (AddParameter): Name = "CompType"; Value = "Resistor"; VariantName = "[No Variations]"
Add component (AddParameter): Name = "EIA_Code"; Value = "E24"; VariantName = "[No Variations]"
Add component (AddParameter): Name = "Green_EU RoHS"; Value = ""; VariantName = "[No Variations]"
Add component (AddParameter): Name = "Green_EU RoHS-2"; Value = ""; VariantName = "[No Variations]"
Add component (AddParameter): Name = "Green_Lifecycle"; Value = ""; VariantName = "[No Variations]"
Add component (AddParameter): Name = "Green_REACh"; Value = ""; VariantName = "[No Variations]"
Add component (AddParameter): Name = "Manufacturer"; Value = "Vishay-Dale"; VariantName = "[No Variations]"
Add component (AddParameter): Name = "MountType"; Value = "SMT"; VariantName = "[No Variations]"
Add component (AddParameter): Name = "PackageReference"; Value = "0402"; VariantName = "[No Variations]"
Add component (AddParameter): Name = "PartNumber"; Value = "CRCW04023K30JNED"; VariantName = "[No Variations]"
Add component (AddParameter): Name = "Power_W"; Value = "63mW"; VariantName = "[No Variations]"
Add component (AddParameter): Name = "Res_ohm"; Value = "3.3k"; VariantName = "[No Variations]"
Add component (AddParameter): Name = "RoHS"; Value = "E"; VariantName = "[No Variations]"
Add component (AddParameter): Name = "SizeArea_mm2"; Value = "0.5"; VariantName = "[No Variations]"
Add component (AddParameter): Name = "SizeX_mm"; Value = "1"; VariantName = "[No Variations]"
Add component (AddParameter): Name = "SizeY_mm"; Value = "0.5"; VariantName = "[No Variations]"
Add component (AddParameter): Name = "SizeZ_mm"; Value = "0.6"; VariantName = "[No Variations]"
Add component (AddParameter): Name = "Supplier 1"; Value = "Digi-Key"; VariantName = "[No Variations]"
Add component (AddParameter): Name = "Supplier 2"; Value = "Newark"; VariantName = "[No Variations]"
Add component (AddParameter): Name = "Supplier 3"; Value = "Mouser"; VariantName = "[No Variations]"
Add component (AddParameter): Name = "Supplier Part Number 1"; Value = "541-3.3KJCT-ND"; VariantName = "[No Variations]"
Add component (AddParameter): Name = "Supplier Part Number 2"; Value = "59M6723"; VariantName = "[No Variations]"
Add component (AddParameter): Name = "Supplier Part Number 3"; Value = "71-CRCW0402J-3.3K-E3"; VariantName = "[No Variations]"
Add component (AddParameter): Name = "Technology"; Value = "Thick Film"; VariantName = "[No Variations]"
Add component (AddParameter): Name = "TempCo"; Value = "200 ppm/C"; VariantName = "[No Variations]"
Add component (AddParameter): Name = "Tolerance_%"; Value = "5%"; VariantName = "[No Variations]"
Add component (AddParameter): Name = "Value"; Value = "3.3k"; VariantName = "[No Variations]"
Add component (AddParameter): Name = "Value1"; Value = "5%"; VariantName = "[No Variations]"
Add component (AddParameter): Name = "Value2"; Value = "0.063W"; VariantName = "[No Variations]"
Add component (AddParameter): Name = "Value_Code"; Value = "3k30"; VariantName = "[No Variations]"
Add component (AddParameter): Name = "ValueDisplayed"; Value = "3.3k"; VariantName = "[No Variations]"
Add component (AddParameter): Name = "VDC_V"; Value = "50V"; VariantName = "[No Variations]"
Added Component: Designator=U?(SO08)
Add component. Clean all parameters for all variants
Add component (AddParameter): Name = "ComponentLink1Description"; Value = "Manufacturer Link"; VariantName = "[No Variations]"
Add component (AddParameter): Name = "ComponentLink1URL"; Value = "http://www.linear.com/"; VariantName = "[No Variations]"
Add component (AddParameter): Name = "ComponentLink2Description"; Value = "Datasheet"; VariantName = "[No Variations]"
Add component (AddParameter): Name = "ComponentLink2URL"; Value = "http://www.linear.com/pc/downloadDocument.do?navId=H0,C1,C1154,C1009,C1022,P1642,D3055"; VariantName = "[No Variations]"
Add component (AddParameter): Name = "DatasheetVersion"; Value = "1996"; VariantName = "[No Variations]"
Add component (AddParameter): Name = "LatestRevisionDate"; Value = "29-May-2009"; VariantName = "[No Variations]"
Add component (AddParameter): Name = "LatestRevisionNote"; Value = "Component Body Added."; VariantName = "[No Variations]"
Add component (AddParameter): Name = "Note"; Value = "1455"; VariantName = "[No Variations]"
Add component (AddParameter): Name = "PackageDescription"; Value = "DIP, Plastic, 8-Pin, Row Spacing 7.62 mm, Pitch 2.54 mm"; VariantName = "[No Variations]"
Add component (AddParameter): Name = "PackageReference"; Value = "N8"; VariantName = "[No Variations]"
Add component (AddParameter): Name = "PackageVersion"; Value = "N8 1002"; VariantName = "[No Variations]"
Add component (AddParameter): Name = "Published"; Value = "8-Jun-2000"; VariantName = "[No Variations]"
Add component (AddParameter): Name = "Publisher"; Value = "Altium Limited"; VariantName = "[No Variations]"
Added Component: Designator=U?(SO08)
Add component. Clean all parameters for all variants
Add component (AddParameter): Name = "ComponentLink1Description"; Value = "Manufacturer Link"; VariantName = "[No Variations]"
Add component (AddParameter): Name = "ComponentLink1URL"; Value = "http://www.linear.com/"; VariantName = "[No Variations]"
Add component (AddParameter): Name = "ComponentLink2Description"; Value = "Datasheet"; VariantName = "[No Variations]"
Add component (AddParameter): Name = "ComponentLink2URL"; Value = "http://www.linear.com/pc/downloadDocument.do?navId=H0,C1,C1154,C1009,C1022,P1642,D3055"; VariantName = "[No Variations]"
Add component (AddParameter): Name = "DatasheetVersion"; Value = "1996"; VariantName = "[No Variations]"
Add component (AddParameter): Name = "LatestRevisionDate"; Value = "29-May-2009"; VariantName = "[No Variations]"
Add component (AddParameter): Name = "LatestRevisionNote"; Value = "Component Body Added."; VariantName = "[No Variations]"
Add component (AddParameter): Name = "Note"; Value = "1455"; VariantName = "[No Variations]"
Add component (AddParameter): Name = "PackageDescription"; Value = "DIP, Plastic, 8-Pin, Row Spacing 7.62 mm, Pitch 2.54 mm"; VariantName = "[No Variations]"
Add component (AddParameter): Name = "PackageReference"; Value = "N8"; VariantName = "[No Variations]"
Add component (AddParameter): Name = "PackageVersion"; Value = "N8 1002"; VariantName = "[No Variations]"
Add component (AddParameter): Name = "Published"; Value = "8-Jun-2000"; VariantName = "[No Variations]"
Add component (AddParameter): Name = "Publisher"; Value = "Altium Limited"; VariantName = "[No Variations]"
Added Pin To Net: NetName=3V3 Pin=P?-1
Added Net: Name=3V3
Added Pin To Net: NetName=5V Pin=P?-4
Added Pin To Net: NetName=5V Pin=P?-21
Added Net: Name=5V
Added Pin To Net: NetName=CAM_CS Pin=P?-18
Added Net: Name=CAM_CS
Added Pin To Net: NetName=FreeIO0 Pin=P?-27
Added Net: Name=FreeIO0
Added Pin To Net: NetName=FreeIO1 Pin=P?-28
Added Net: Name=FreeIO1
Added Pin To Net: NetName=FreeIO2 Pin=P?-29
Added Net: Name=FreeIO2
Added Pin To Net: NetName=FreeIO3 Pin=P?-30
Added Net: Name=FreeIO3
Added Pin To Net: NetName=FreeIO4 Pin=P?-19
Added Net: Name=FreeIO4
Added Pin To Net: NetName=FreeIO5 Pin=P?-13
Added Net: Name=FreeIO5
Added Pin To Net: NetName=FreeIO6 Pin=P?-11
Added Net: Name=FreeIO6
Added Pin To Net: NetName=FreeIO7 Pin=P?-5
Added Net: Name=FreeIO7
Added Pin To Net: NetName=FreeIO8 Pin=P?-6
Added Net: Name=FreeIO8
Added Pin To Net: NetName=GND Pin=P?-1
Added Pin To Net: NetName=GND Pin=P?-22
Added Net: Name=GND
Added Pin To Net: NetName=I2C_SCL Pin=P?-9
Added Net: Name=I2C_SCL
Added Pin To Net: NetName=I2C_SDA Pin=P?-10
Added Net: Name=I2C_SDA
Added Pin To Net: NetName=RST Pin=P?-16
Added Net: Name=RST
Added Pin To Net: NetName=SPI_CLK Pin=P?-7
Added Net: Name=SPI_CLK
Added Pin To Net: NetName=SPI_MISO Pin=P?-14
Added Net: Name=SPI_MISO
Added Pin To Net: NetName=SPI_MOSI Pin=P?-15
Added Net: Name=SPI_MOSI
Added Pin To Net: NetName=UART2_RX Pin=P?-3
Added Net: Name=UART2_RX
Added Pin To Net: NetName=UART2_TX Pin=P?-4
Added Net: Name=UART2_TX
Added Class: Name=analog
Added Member To Class: ClassName=mcu_main Member=Component IC? MLX90393ELW-ABA-011-SP
Added Member To Class: ClassName=mcu_main Member=Component IC BMI055
Added Member To Class: ClassName=mcu_main Member=Component P? ArduCAM
Added Member To Class: ClassName=mcu_main Member=Component P? SSQ-110-03-T-D
Added Member To Class: ClassName=mcu_main Member=Component P? SSQ-110-03-T-D
Added Member To Class: ClassName=mcu_main Member=Component P? MHDR1X4
Added Member To Class: ClassName=mcu_main Member=Component R? CRCW04023K30JNED
Added Member To Class: ClassName=mcu_main Member=Component R? CRCW04023K30JNED
