Removed Pin From Net: NetName=ULTRA_ECHO0 Pin=P6-11
Removed Pin From Net: NetName=ULTRA_TRIG0 Pin=P6-13
Removed Pin From Net: NetName=ULTRA_TRIG1 Pin=P7-27
Removed Pin From Net: NetName=ULTRA_ECHO1 Pin=P7-28
Removed Pin From Net: NetName=ULTRA_TRIG2 Pin=P7-29
Removed Pin From Net: NetName=ULTRA_ECHO2 Pin=P7-30
Removed Member From Class: ClassName=mcu_main Member=P3
Removed Member From Class: ClassName=mcu_main Member=P4
Removed Member From Class: ClassName=mcu_main Member=P5
Added Component: Designator=C?(CAPC0603)
Add component. Clean all parameters for all variants
Add component (AddParameter): Name = "Supplier 1"; Value = "Digi-Key"; VariantName = "[No Variations]"
Add component (AddParameter): Name = "Supplier Part Number 1"; Value = "1276-1000-1-ND"; VariantName = "[No Variations]"
Add component (AddParameter): Name = "Value"; Value = "100nF"; VariantName = "[No Variations]"
Added Component: Designator=DS1(OLED 16x2)
Add component. Clean all parameters for all variants
Added Component: Designator=IC2(SOP50P810X120-56N)
Add component. Clean all parameters for all variants
Add component (AddParameter): Name = "Arrow Part Number"; Value = "MSP430FR4133IG56R"; VariantName = "[No Variations]"
Add component (AddParameter): Name = "Arrow Price/Stock"; Value = "https://www.arrow.com/en/products/msp430fr4133ig56r/texas-instruments"; VariantName = "[No Variations]"
Add component (AddParameter): Name = "Datasheet Link"; Value = "http://www.ti.com/general/docs/suppproductinfo.tsp?distId=10&gotoUrl=http%3A%2F%2Fwww.ti.com%2Flit%2Fgpn%2Fmsp430fr4131"; VariantName = "[No Variations]"
Add component (AddParameter): Name = "Height"; Value = "1.2mm"; VariantName = "[No Variations]"
Add component (AddParameter): Name = "Manufacturer_Name"; Value = "Texas Instruments"; VariantName = "[No Variations]"
Add component (AddParameter): Name = "Manufacturer_Part_Number"; Value = "MSP430FR4133IG56R"; VariantName = "[No Variations]"
Add component (AddParameter): Name = "Mouser Part Number"; Value = "595-SP430FR4133IG56R"; VariantName = "[No Variations]"
Add component (AddParameter): Name = "Mouser Price/Stock"; Value = "https://www.mouser.com/Search/Refine.aspx?Keyword=595-SP430FR4133IG56R"; VariantName = "[No Variations]"
Added Component: Designator=P?(MHDR1X4)
Add component. Clean all parameters for all variants
Add component (AddParameter): Name = "LatestRevisionDate"; Value = "17-Jul-2002"; VariantName = "[No Variations]"
Add component (AddParameter): Name = "LatestRevisionNote"; Value = "Re-released for DXP Platform."; VariantName = "[No Variations]"
Add component (AddParameter): Name = "Publisher"; Value = "Altium Limited"; VariantName = "[No Variations]"
Added Component: Designator=R18(POT inline wide)
Add component. Clean all parameters for all variants
Add component (AddParameter): Name = "LatestRevisionDate"; Value = "17-Jul-2002"; VariantName = "[No Variations]"
Add component (AddParameter): Name = "LatestRevisionNote"; Value = "Re-released for DXP Platform."; VariantName = "[No Variations]"
Add component (AddParameter): Name = "PackageDescription"; Value = "Variable Resistor, Thru-Hole; 3 Leads"; VariantName = "[No Variations]"
Add component (AddParameter): Name = "PackageReference"; Value = "VR5"; VariantName = "[No Variations]"
Add component (AddParameter): Name = "Published"; Value = "8-Jun-2000"; VariantName = "[No Variations]"
Add component (AddParameter): Name = "Publisher"; Value = "Altium Limited"; VariantName = "[No Variations]"
Add component (AddParameter): Name = "Set Position"; Value = "0.5"; VariantName = "[No Variations]"
Add component (AddParameter): Name = "Sim Note"; Value = "Enter the Resistance value and the set point into parameter fields."; VariantName = "[No Variations]"
Add component (AddParameter): Name = "Value"; Value = "10K"; VariantName = "[No Variations]"
Added Component: Designator=R?(RES0603)
Add component. Clean all parameters for all variants
Add component (AddParameter): Name = "Supplier 1"; Value = "Digi-Key"; VariantName = "[No Variations]"
Add component (AddParameter): Name = "Supplier Part Number 1"; Value = "RMCF0603JT10K0CT-ND"; VariantName = "[No Variations]"
Add component (AddParameter): Name = "Value"; Value = "1k"; VariantName = "[No Variations]"
Added Component: Designator=R?(RES0603)
Add component. Clean all parameters for all variants
Add component (AddParameter): Name = "Supplier 1"; Value = "Digi-Key"; VariantName = "[No Variations]"
Add component (AddParameter): Name = "Supplier Part Number 1"; Value = "RMCF0603JT10K0CT-ND"; VariantName = "[No Variations]"
Add component (AddParameter): Name = "Value"; Value = "10k"; VariantName = "[No Variations]"
Added Component: Designator=S?(SW PB)
Add component. Clean all parameters for all variants
Add component (AddParameter): Name = "LatestRevisionDate"; Value = "17-Jul-2002"; VariantName = "[No Variations]"
Add component (AddParameter): Name = "LatestRevisionNote"; Value = "Re-released for DXP Platform."; VariantName = "[No Variations]"
Add component (AddParameter): Name = "Published"; Value = "24-Mar-1999"; VariantName = "[No Variations]"
Add component (AddParameter): Name = "Publisher"; Value = "Altium Limited"; VariantName = "[No Variations]"
Added Pin To Net: NetName=3V3 Pin=C?-1
Added Pin To Net: NetName=GND Pin=C?-2
Added Pin To Net: NetName=GND Pin=DS1-1
Added Pin To Net: NetName=3V3 Pin=DS1-2
Added Pin To Net: NetName=GND Pin=DS1-7
Added Pin To Net: NetName=GND Pin=DS1-8
Added Pin To Net: NetName=GND Pin=DS1-9
Added Pin To Net: NetName=GND Pin=DS1-10
Added Pin To Net: NetName=GND Pin=DS1-16
Added Pin To Net: NetName=GND Pin=IC2-14
Added Pin To Net: NetName=3V3 Pin=IC2-15
Added Pin To Net: NetName=I2C_SCL Pin=IC2-31
Added Pin To Net: NetName=I2C_SDA Pin=IC2-32
Added Pin To Net: NetName=ULTRA_ECHO2 Pin=IC2-51
Added Pin To Net: NetName=ULTRA_TRIG2 Pin=IC2-52
Added Pin To Net: NetName=ULTRA_ECHO1 Pin=IC2-53
Added Pin To Net: NetName=ULTRA_TRIG1 Pin=IC2-54
Added Pin To Net: NetName=ULTRA_ECHO0 Pin=IC2-55
Added Pin To Net: NetName=ULTRA_TRIG0 Pin=IC2-56
Added Pin To Net: NetName=3V3 Pin=P?-1
Added Pin To Net: NetName=GND Pin=P?-4
Added Pin To Net: NetName=GND Pin=R18-1
Added Pin To Net: NetName=3V3 Pin=R18-3
Added Pin To Net: NetName=3V3 Pin=R?-1
Added Pin To Net: NetName=3V3 Pin=R?-2
Added Pin To Net: NetName=GND Pin=S?-1
Added Pin To Net: NetName=LCD_4 Pin=DS1-11
Added Pin To Net: NetName=LCD_4 Pin=IC2-6
Added Net: Name=LCD_4
Added Pin To Net: NetName=LCD_5 Pin=DS1-12
Added Pin To Net: NetName=LCD_5 Pin=IC2-5
Added Net: Name=LCD_5
Added Pin To Net: NetName=LCD_6 Pin=DS1-13
Added Pin To Net: NetName=LCD_6 Pin=IC2-4
Added Net: Name=LCD_6
Added Pin To Net: NetName=LCD_7 Pin=DS1-14
Added Pin To Net: NetName=LCD_7 Pin=IC2-3
Added Net: Name=LCD_7
Added Pin To Net: NetName=LCD_E Pin=DS1-6
Added Pin To Net: NetName=LCD_E Pin=IC2-28
Added Net: Name=LCD_E
Added Pin To Net: NetName=LCD_RS Pin=DS1-4
Added Pin To Net: NetName=LCD_RS Pin=IC2-26
Added Net: Name=LCD_RS
Added Pin To Net: NetName=LCD_RW Pin=DS1-5
Added Pin To Net: NetName=LCD_RW Pin=IC2-27
Added Net: Name=LCD_RW
Added Pin To Net: NetName=NetDS1_3 Pin=DS1-3
Added Pin To Net: NetName=NetDS1_3 Pin=R18-2
Added Net: Name=NetDS1_3
Added Pin To Net: NetName=NetDS1_15 Pin=DS1-15
Added Pin To Net: NetName=NetDS1_15 Pin=R?-2
Added Net: Name=NetDS1_15
Added Pin To Net: NetName=SBWTCK Pin=IC2-17
Added Pin To Net: NetName=SBWTCK Pin=P?-3
Added Net: Name=SBWTCK
Added Pin To Net: NetName=SBWTDIO Pin=IC2-16
Added Pin To Net: NetName=SBWTDIO Pin=P?-2
Added Pin To Net: NetName=SBWTDIO Pin=R?-1
Added Pin To Net: NetName=SBWTDIO Pin=S?-2
Added Net: Name=SBWTDIO
Added Pin To Net: NetName=U_ALERT Pin=IC2-7
Added Net: Name=U_ALERT
Added Class: Name=msp430
Added Member To Class: ClassName=analog Member=Component C7 Cap
Added Member To Class: ClassName=analog Member=Component D 1N4148
Added Member To Class: ClassName=analog Member=Component R13 Res
