Removed Pin From Net: NetName=ULTRA_ECHO0 Pin=IC2-55
Removed Pin From Net: NetName=ULTRA_TRIG0 Pin=IC2-56
Added Component: Designator=P?(HDR2X3)
Add component. Clean all parameters for all variants
Add component (AddParameter): Name = "LatestRevisionDate"; Value = "17-Jul-2002"; VariantName = "[No Variations]"
Add component (AddParameter): Name = "LatestRevisionNote"; Value = "Re-released for DXP Platform."; VariantName = "[No Variations]"
Add component (AddParameter): Name = "Publisher"; Value = "Altium Limited"; VariantName = "[No Variations]"
Added Pin To Net: NetName=ULTRA_ECHO0 Pin=P?-3
Added Pin To Net: NetName=ULTRA_TRIG0 Pin=P?-4
Added Pin To Net: NetName=ULTRA_ECHO0_MSP Pin=IC2-55
Added Pin To Net: NetName=ULTRA_ECHO0_MSP Pin=P?-1
Added Net: Name=ULTRA_ECHO0_MSP
Added Pin To Net: NetName=ULTRA_ECHO_0_ALT Pin=P7-5
Added Pin To Net: NetName=ULTRA_ECHO_0_ALT Pin=P?-5
Added Net: Name=ULTRA_ECHO_0_ALT
Added Pin To Net: NetName=ULTRA_TRIG0_MSP Pin=IC2-56
Added Pin To Net: NetName=ULTRA_TRIG0_MSP Pin=P?-2
Added Net: Name=ULTRA_TRIG0_MSP
Added Pin To Net: NetName=ULTRA_TRIG_0_ALT Pin=P7-8
Added Pin To Net: NetName=ULTRA_TRIG_0_ALT Pin=P?-6
Added Net: Name=ULTRA_TRIG_0_ALT
Added Member To Class: ClassName=analog Member=Component D 1N4148
Added Member To Class: ClassName=msp430 Member=Component P? Header 3X2
