Removed Pin From Net: NetName=FreeIO8 Pin=P?-6
Removed Member From Class: ClassName=mcu_main Member=IC
Change component parameters: Designator = "R?"; Footprint = "RES0603"; UniqueID = "\NBEWJKIN"
Change component parameters. Clean all parameters for all variants
Change component parameters (AddParameter): Name = "Supplier 1"; Value = "Digi-Key"; VariantName = "[No Variations]"
Change component parameters (AddParameter): Name = "Supplier Part Number 1"; Value = "RMCF0603JT10K0CT-ND"; VariantName = "[No Variations]"
Change component parameters (AddParameter): Name = "Value"; Value = "1k"; VariantName = "[No Variations]"
Added Component: Designator=C?(CAPC0603)
Add component. Clean all parameters for all variants
Add component (AddParameter): Name = "Supplier 1"; Value = "Digi-Key"; VariantName = "[No Variations]"
Add component (AddParameter): Name = "Supplier Part Number 1"; Value = "1276-1000-1-ND"; VariantName = "[No Variations]"
Add component (AddParameter): Name = "Value"; Value = "100nF"; VariantName = "[No Variations]"
Added Component: Designator=C?(CAPC0603)
Add component. Clean all parameters for all variants
Add component (AddParameter): Name = "Supplier 1"; Value = "Digi-Key"; VariantName = "[No Variations]"
Add component (AddParameter): Name = "Supplier Part Number 1"; Value = "1276-1000-1-ND"; VariantName = "[No Variations]"
Add component (AddParameter): Name = "Value"; Value = "100nF"; VariantName = "[No Variations]"
Added Component: Designator=C?(CAPC0603)
Add component. Clean all parameters for all variants
Add component (AddParameter): Name = "Supplier 1"; Value = "Digi-Key"; VariantName = "[No Variations]"
Add component (AddParameter): Name = "Supplier Part Number 1"; Value = "1276-1000-1-ND"; VariantName = "[No Variations]"
Add component (AddParameter): Name = "Value"; Value = "0.22uF"; VariantName = "[No Variations]"
Added Component: Designator=C?(CAPC0603)
Add component. Clean all parameters for all variants
Add component (AddParameter): Name = "Supplier 1"; Value = "Digi-Key"; VariantName = "[No Variations]"
Add component (AddParameter): Name = "Supplier Part Number 1"; Value = "1276-1000-1-ND"; VariantName = "[No Variations]"
Add component (AddParameter): Name = "Value"; Value = "4.7uF"; VariantName = "[No Variations]"
Added Component: Designator=C?(CAPC0603)
Add component. Clean all parameters for all variants
Add component (AddParameter): Name = "Supplier 1"; Value = "Digi-Key"; VariantName = "[No Variations]"
Add component (AddParameter): Name = "Supplier Part Number 1"; Value = "1276-1000-1-ND"; VariantName = "[No Variations]"
Add component (AddParameter): Name = "Value"; Value = "10uF"; VariantName = "[No Variations]"
Added Component: Designator=P?(MHDR1X4)
Add component. Clean all parameters for all variants
Add component (AddParameter): Name = "LatestRevisionDate"; Value = "17-Jul-2002"; VariantName = "[No Variations]"
Add component (AddParameter): Name = "LatestRevisionNote"; Value = "Re-released for DXP Platform."; VariantName = "[No Variations]"
Add component (AddParameter): Name = "Publisher"; Value = "Altium Limited"; VariantName = "[No Variations]"
Added Component: Designator=P?(MHDR1X4)
Add component. Clean all parameters for all variants
Add component (AddParameter): Name = "LatestRevisionDate"; Value = "17-Jul-2002"; VariantName = "[No Variations]"
Add component (AddParameter): Name = "LatestRevisionNote"; Value = "Re-released for DXP Platform."; VariantName = "[No Variations]"
Add component (AddParameter): Name = "Publisher"; Value = "Altium Limited"; VariantName = "[No Variations]"
Added Component: Designator=Q?(TO254P1041X444X2933-3)
Add component. Clean all parameters for all variants
Add component (AddParameter): Name = "Availability"; Value = "Unavailable"; VariantName = "[No Variations]"
Add component (AddParameter): Name = "MF"; Value = "Infineon Technologies"; VariantName = "[No Variations]"
Add component (AddParameter): Name = "MP"; Value = "IRF3205"; VariantName = "[No Variations]"
Add component (AddParameter): Name = "Package"; Value = "D2PAK Infineon Technologies"; VariantName = "[No Variations]"
Add component (AddParameter): Name = "Price"; Value = "None"; VariantName = "[No Variations]"
Add component (AddParameter): Name = "SnapEDA_Link"; Value = "https://www.snapeda.com/parts/IRF3205/Infineon%20Technologies/view-part/2889486/?ref=snap"; VariantName = "[No Variations]"
Add component (AddParameter): Name = "Value"; Value = ""; VariantName = "[No Variations]"
Added Component: Designator=R?(0402)
Add component. Clean all parameters for all variants
Add component (AddParameter): Name = "AEC Category"; Value = "Q200"; VariantName = "[No Variations]"
Add component (AddParameter): Name = "AEC Grade"; Value = "0"; VariantName = "[No Variations]"
Add component (AddParameter): Name = "AEC Qualified"; Value = "Y"; VariantName = "[No Variations]"
Add component (AddParameter): Name = "Alternate Manufacturer"; Value = ""; VariantName = "[No Variations]"
Add component (AddParameter): Name = "Alternate PartNumber"; Value = ""; VariantName = "[No Variations]"
Add component (AddParameter): Name = "ComponentLink1Description"; Value = "Datasheet link"; VariantName = "[No Variations]"
Add component (AddParameter): Name = "ComponentLink1URL"; Value = "http://www.vishay.com/docs/20035/dcrcwe3.pdf"; VariantName = "[No Variations]"
Add component (AddParameter): Name = "CompType"; Value = "Resistor"; VariantName = "[No Variations]"
Add component (AddParameter): Name = "EIA_Code"; Value = "E24"; VariantName = "[No Variations]"
Add component (AddParameter): Name = "Green_EU RoHS"; Value = ""; VariantName = "[No Variations]"
Add component (AddParameter): Name = "Green_EU RoHS-2"; Value = ""; VariantName = "[No Variations]"
Add component (AddParameter): Name = "Green_Lifecycle"; Value = ""; VariantName = "[No Variations]"
Add component (AddParameter): Name = "Green_REACh"; Value = ""; VariantName = "[No Variations]"
Add component (AddParameter): Name = "Manufacturer"; Value = "Vishay-Dale"; VariantName = "[No Variations]"
Add component (AddParameter): Name = "MountType"; Value = "SMT"; VariantName = "[No Variations]"
Add component (AddParameter): Name = "PackageReference"; Value = "0402"; VariantName = "[No Variations]"
Add component (AddParameter): Name = "PartNumber"; Value = "CRCW04023K30JNED"; VariantName = "[No Variations]"
Add component (AddParameter): Name = "Power_W"; Value = "63mW"; VariantName = "[No Variations]"
Add component (AddParameter): Name = "Res_ohm"; Value = "3.3k"; VariantName = "[No Variations]"
Add component (AddParameter): Name = "RoHS"; Value = "E"; VariantName = "[No Variations]"
Add component (AddParameter): Name = "SizeArea_mm2"; Value = "0.5"; VariantName = "[No Variations]"
Add component (AddParameter): Name = "SizeX_mm"; Value = "1"; VariantName = "[No Variations]"
Add component (AddParameter): Name = "SizeY_mm"; Value = "0.5"; VariantName = "[No Variations]"
Add component (AddParameter): Name = "SizeZ_mm"; Value = "0.6"; VariantName = "[No Variations]"
Add component (AddParameter): Name = "Supplier 1"; Value = "Digi-Key"; VariantName = "[No Variations]"
Add component (AddParameter): Name = "Supplier 2"; Value = "Newark"; VariantName = "[No Variations]"
Add component (AddParameter): Name = "Supplier 3"; Value = "Mouser"; VariantName = "[No Variations]"
Add component (AddParameter): Name = "Supplier Part Number 1"; Value = "541-3.3KJCT-ND"; VariantName = "[No Variations]"
Add component (AddParameter): Name = "Supplier Part Number 2"; Value = "59M6723"; VariantName = "[No Variations]"
Add component (AddParameter): Name = "Supplier Part Number 3"; Value = "71-CRCW0402J-3.3K-E3"; VariantName = "[No Variations]"
Add component (AddParameter): Name = "Technology"; Value = "Thick Film"; VariantName = "[No Variations]"
Add component (AddParameter): Name = "TempCo"; Value = "200 ppm/C"; VariantName = "[No Variations]"
Add component (AddParameter): Name = "Tolerance_%"; Value = "5%"; VariantName = "[No Variations]"
Add component (AddParameter): Name = "Value"; Value = "3.3k"; VariantName = "[No Variations]"
Add component (AddParameter): Name = "Value1"; Value = "5%"; VariantName = "[No Variations]"
Add component (AddParameter): Name = "Value2"; Value = "0.063W"; VariantName = "[No Variations]"
Add component (AddParameter): Name = "Value_Code"; Value = "3k30"; VariantName = "[No Variations]"
Add component (AddParameter): Name = "ValueDisplayed"; Value = "1k"; VariantName = "[No Variations]"
Add component (AddParameter): Name = "VDC_V"; Value = "50V"; VariantName = "[No Variations]"
Added Component: Designator=R?(0402)
Add component. Clean all parameters for all variants
Add component (AddParameter): Name = "AEC Category"; Value = "Q200"; VariantName = "[No Variations]"
Add component (AddParameter): Name = "AEC Grade"; Value = "0"; VariantName = "[No Variations]"
Add component (AddParameter): Name = "AEC Qualified"; Value = "Y"; VariantName = "[No Variations]"
Add component (AddParameter): Name = "Alternate Manufacturer"; Value = ""; VariantName = "[No Variations]"
Add component (AddParameter): Name = "Alternate PartNumber"; Value = ""; VariantName = "[No Variations]"
Add component (AddParameter): Name = "ComponentLink1Description"; Value = "Datasheet link"; VariantName = "[No Variations]"
Add component (AddParameter): Name = "ComponentLink1URL"; Value = "http://www.vishay.com/docs/20035/dcrcwe3.pdf"; VariantName = "[No Variations]"
Add component (AddParameter): Name = "CompType"; Value = "Resistor"; VariantName = "[No Variations]"
Add component (AddParameter): Name = "EIA_Code"; Value = "E24"; VariantName = "[No Variations]"
Add component (AddParameter): Name = "Green_EU RoHS"; Value = ""; VariantName = "[No Variations]"
Add component (AddParameter): Name = "Green_EU RoHS-2"; Value = ""; VariantName = "[No Variations]"
Add component (AddParameter): Name = "Green_Lifecycle"; Value = ""; VariantName = "[No Variations]"
Add component (AddParameter): Name = "Green_REACh"; Value = ""; VariantName = "[No Variations]"
Add component (AddParameter): Name = "Manufacturer"; Value = "Vishay-Dale"; VariantName = "[No Variations]"
Add component (AddParameter): Name = "MountType"; Value = "SMT"; VariantName = "[No Variations]"
Add component (AddParameter): Name = "PackageReference"; Value = "0402"; VariantName = "[No Variations]"
Add component (AddParameter): Name = "PartNumber"; Value = "CRCW04023K30JNED"; VariantName = "[No Variations]"
Add component (AddParameter): Name = "Power_W"; Value = "63mW"; VariantName = "[No Variations]"
Add component (AddParameter): Name = "Res_ohm"; Value = "3.3k"; VariantName = "[No Variations]"
Add component (AddParameter): Name = "RoHS"; Value = "E"; VariantName = "[No Variations]"
Add component (AddParameter): Name = "SizeArea_mm2"; Value = "0.5"; VariantName = "[No Variations]"
Add component (AddParameter): Name = "SizeX_mm"; Value = "1"; VariantName = "[No Variations]"
Add component (AddParameter): Name = "SizeY_mm"; Value = "0.5"; VariantName = "[No Variations]"
Add component (AddParameter): Name = "SizeZ_mm"; Value = "0.6"; VariantName = "[No Variations]"
Add component (AddParameter): Name = "Supplier 1"; Value = "Digi-Key"; VariantName = "[No Variations]"
Add component (AddParameter): Name = "Supplier 2"; Value = "Newark"; VariantName = "[No Variations]"
Add component (AddParameter): Name = "Supplier 3"; Value = "Mouser"; VariantName = "[No Variations]"
Add component (AddParameter): Name = "Supplier Part Number 1"; Value = "541-3.3KJCT-ND"; VariantName = "[No Variations]"
Add component (AddParameter): Name = "Supplier Part Number 2"; Value = "59M6723"; VariantName = "[No Variations]"
Add component (AddParameter): Name = "Supplier Part Number 3"; Value = "71-CRCW0402J-3.3K-E3"; VariantName = "[No Variations]"
Add component (AddParameter): Name = "Technology"; Value = "Thick Film"; VariantName = "[No Variations]"
Add component (AddParameter): Name = "TempCo"; Value = "200 ppm/C"; VariantName = "[No Variations]"
Add component (AddParameter): Name = "Tolerance_%"; Value = "5%"; VariantName = "[No Variations]"
Add component (AddParameter): Name = "Value"; Value = "3.3k"; VariantName = "[No Variations]"
Add component (AddParameter): Name = "Value1"; Value = "5%"; VariantName = "[No Variations]"
Add component (AddParameter): Name = "Value2"; Value = "0.063W"; VariantName = "[No Variations]"
Add component (AddParameter): Name = "Value_Code"; Value = "3k30"; VariantName = "[No Variations]"
Add component (AddParameter): Name = "ValueDisplayed"; Value = "2k"; VariantName = "[No Variations]"
Add component (AddParameter): Name = "VDC_V"; Value = "50V"; VariantName = "[No Variations]"
Added Component: Designator=R?(0402)
Add component. Clean all parameters for all variants
Add component (AddParameter): Name = "AEC Category"; Value = "Q200"; VariantName = "[No Variations]"
Add component (AddParameter): Name = "AEC Grade"; Value = "0"; VariantName = "[No Variations]"
Add component (AddParameter): Name = "AEC Qualified"; Value = "Y"; VariantName = "[No Variations]"
Add component (AddParameter): Name = "Alternate Manufacturer"; Value = ""; VariantName = "[No Variations]"
Add component (AddParameter): Name = "Alternate PartNumber"; Value = ""; VariantName = "[No Variations]"
Add component (AddParameter): Name = "ComponentLink1Description"; Value = "Datasheet link"; VariantName = "[No Variations]"
Add component (AddParameter): Name = "ComponentLink1URL"; Value = "http://www.vishay.com/docs/20035/dcrcwe3.pdf"; VariantName = "[No Variations]"
Add component (AddParameter): Name = "CompType"; Value = "Resistor"; VariantName = "[No Variations]"
Add component (AddParameter): Name = "EIA_Code"; Value = "E24"; VariantName = "[No Variations]"
Add component (AddParameter): Name = "Green_EU RoHS"; Value = ""; VariantName = "[No Variations]"
Add component (AddParameter): Name = "Green_EU RoHS-2"; Value = ""; VariantName = "[No Variations]"
Add component (AddParameter): Name = "Green_Lifecycle"; Value = ""; VariantName = "[No Variations]"
Add component (AddParameter): Name = "Green_REACh"; Value = ""; VariantName = "[No Variations]"
Add component (AddParameter): Name = "Manufacturer"; Value = "Vishay-Dale"; VariantName = "[No Variations]"
Add component (AddParameter): Name = "MountType"; Value = "SMT"; VariantName = "[No Variations]"
Add component (AddParameter): Name = "PackageReference"; Value = "0402"; VariantName = "[No Variations]"
Add component (AddParameter): Name = "PartNumber"; Value = "CRCW04023K30JNED"; VariantName = "[No Variations]"
Add component (AddParameter): Name = "Power_W"; Value = "63mW"; VariantName = "[No Variations]"
Add component (AddParameter): Name = "Res_ohm"; Value = "3.3k"; VariantName = "[No Variations]"
Add component (AddParameter): Name = "RoHS"; Value = "E"; VariantName = "[No Variations]"
Add component (AddParameter): Name = "SizeArea_mm2"; Value = "0.5"; VariantName = "[No Variations]"
Add component (AddParameter): Name = "SizeX_mm"; Value = "1"; VariantName = "[No Variations]"
Add component (AddParameter): Name = "SizeY_mm"; Value = "0.5"; VariantName = "[No Variations]"
Add component (AddParameter): Name = "SizeZ_mm"; Value = "0.6"; VariantName = "[No Variations]"
Add component (AddParameter): Name = "Supplier 1"; Value = "Digi-Key"; VariantName = "[No Variations]"
Add component (AddParameter): Name = "Supplier 2"; Value = "Newark"; VariantName = "[No Variations]"
Add component (AddParameter): Name = "Supplier 3"; Value = "Mouser"; VariantName = "[No Variations]"
Add component (AddParameter): Name = "Supplier Part Number 1"; Value = "541-3.3KJCT-ND"; VariantName = "[No Variations]"
Add component (AddParameter): Name = "Supplier Part Number 2"; Value = "59M6723"; VariantName = "[No Variations]"
Add component (AddParameter): Name = "Supplier Part Number 3"; Value = "71-CRCW0402J-3.3K-E3"; VariantName = "[No Variations]"
Add component (AddParameter): Name = "Technology"; Value = "Thick Film"; VariantName = "[No Variations]"
Add component (AddParameter): Name = "TempCo"; Value = "200 ppm/C"; VariantName = "[No Variations]"
Add component (AddParameter): Name = "Tolerance_%"; Value = "5%"; VariantName = "[No Variations]"
Add component (AddParameter): Name = "Value"; Value = "3.3k"; VariantName = "[No Variations]"
Add component (AddParameter): Name = "Value1"; Value = "5%"; VariantName = "[No Variations]"
Add component (AddParameter): Name = "Value2"; Value = "0.063W"; VariantName = "[No Variations]"
Add component (AddParameter): Name = "Value_Code"; Value = "3k30"; VariantName = "[No Variations]"
Add component (AddParameter): Name = "ValueDisplayed"; Value = "1k"; VariantName = "[No Variations]"
Add component (AddParameter): Name = "VDC_V"; Value = "50V"; VariantName = "[No Variations]"
Added Component: Designator=R?(0402)
Add component. Clean all parameters for all variants
Add component (AddParameter): Name = "AEC Category"; Value = "Q200"; VariantName = "[No Variations]"
Add component (AddParameter): Name = "AEC Grade"; Value = "0"; VariantName = "[No Variations]"
Add component (AddParameter): Name = "AEC Qualified"; Value = "Y"; VariantName = "[No Variations]"
Add component (AddParameter): Name = "Alternate Manufacturer"; Value = ""; VariantName = "[No Variations]"
Add component (AddParameter): Name = "Alternate PartNumber"; Value = ""; VariantName = "[No Variations]"
Add component (AddParameter): Name = "ComponentLink1Description"; Value = "Datasheet link"; VariantName = "[No Variations]"
Add component (AddParameter): Name = "ComponentLink1URL"; Value = "http://www.vishay.com/docs/20035/dcrcwe3.pdf"; VariantName = "[No Variations]"
Add component (AddParameter): Name = "CompType"; Value = "Resistor"; VariantName = "[No Variations]"
Add component (AddParameter): Name = "EIA_Code"; Value = "E24"; VariantName = "[No Variations]"
Add component (AddParameter): Name = "Green_EU RoHS"; Value = ""; VariantName = "[No Variations]"
Add component (AddParameter): Name = "Green_EU RoHS-2"; Value = ""; VariantName = "[No Variations]"
Add component (AddParameter): Name = "Green_Lifecycle"; Value = ""; VariantName = "[No Variations]"
Add component (AddParameter): Name = "Green_REACh"; Value = ""; VariantName = "[No Variations]"
Add component (AddParameter): Name = "Manufacturer"; Value = "Vishay-Dale"; VariantName = "[No Variations]"
Add component (AddParameter): Name = "MountType"; Value = "SMT"; VariantName = "[No Variations]"
Add component (AddParameter): Name = "PackageReference"; Value = "0402"; VariantName = "[No Variations]"
Add component (AddParameter): Name = "PartNumber"; Value = "CRCW04023K30JNED"; VariantName = "[No Variations]"
Add component (AddParameter): Name = "Power_W"; Value = "63mW"; VariantName = "[No Variations]"
Add component (AddParameter): Name = "Res_ohm"; Value = "3.3k"; VariantName = "[No Variations]"
Add component (AddParameter): Name = "RoHS"; Value = "E"; VariantName = "[No Variations]"
Add component (AddParameter): Name = "SizeArea_mm2"; Value = "0.5"; VariantName = "[No Variations]"
Add component (AddParameter): Name = "SizeX_mm"; Value = "1"; VariantName = "[No Variations]"
Add component (AddParameter): Name = "SizeY_mm"; Value = "0.5"; VariantName = "[No Variations]"
Add component (AddParameter): Name = "SizeZ_mm"; Value = "0.6"; VariantName = "[No Variations]"
Add component (AddParameter): Name = "Supplier 1"; Value = "Digi-Key"; VariantName = "[No Variations]"
Add component (AddParameter): Name = "Supplier 2"; Value = "Newark"; VariantName = "[No Variations]"
Add component (AddParameter): Name = "Supplier 3"; Value = "Mouser"; VariantName = "[No Variations]"
Add component (AddParameter): Name = "Supplier Part Number 1"; Value = "541-3.3KJCT-ND"; VariantName = "[No Variations]"
Add component (AddParameter): Name = "Supplier Part Number 2"; Value = "59M6723"; VariantName = "[No Variations]"
Add component (AddParameter): Name = "Supplier Part Number 3"; Value = "71-CRCW0402J-3.3K-E3"; VariantName = "[No Variations]"
Add component (AddParameter): Name = "Technology"; Value = "Thick Film"; VariantName = "[No Variations]"
Add component (AddParameter): Name = "TempCo"; Value = "200 ppm/C"; VariantName = "[No Variations]"
Add component (AddParameter): Name = "Tolerance_%"; Value = "5%"; VariantName = "[No Variations]"
Add component (AddParameter): Name = "Value"; Value = "3.3k"; VariantName = "[No Variations]"
Add component (AddParameter): Name = "Value1"; Value = "5%"; VariantName = "[No Variations]"
Add component (AddParameter): Name = "Value2"; Value = "0.063W"; VariantName = "[No Variations]"
Add component (AddParameter): Name = "Value_Code"; Value = "3k30"; VariantName = "[No Variations]"
Add component (AddParameter): Name = "ValueDisplayed"; Value = "2k"; VariantName = "[No Variations]"
Add component (AddParameter): Name = "VDC_V"; Value = "50V"; VariantName = "[No Variations]"
Added Component: Designator=R?(0402)
Add component. Clean all parameters for all variants
Add component (AddParameter): Name = "AEC Category"; Value = "Q200"; VariantName = "[No Variations]"
Add component (AddParameter): Name = "AEC Grade"; Value = "0"; VariantName = "[No Variations]"
Add component (AddParameter): Name = "AEC Qualified"; Value = "Y"; VariantName = "[No Variations]"
Add component (AddParameter): Name = "Alternate Manufacturer"; Value = ""; VariantName = "[No Variations]"
Add component (AddParameter): Name = "Alternate PartNumber"; Value = ""; VariantName = "[No Variations]"
Add component (AddParameter): Name = "ComponentLink1Description"; Value = "Datasheet link"; VariantName = "[No Variations]"
Add component (AddParameter): Name = "ComponentLink1URL"; Value = "http://www.vishay.com/docs/20035/dcrcwe3.pdf"; VariantName = "[No Variations]"
Add component (AddParameter): Name = "CompType"; Value = "Resistor"; VariantName = "[No Variations]"
Add component (AddParameter): Name = "EIA_Code"; Value = "E24"; VariantName = "[No Variations]"
Add component (AddParameter): Name = "Green_EU RoHS"; Value = ""; VariantName = "[No Variations]"
Add component (AddParameter): Name = "Green_EU RoHS-2"; Value = ""; VariantName = "[No Variations]"
Add component (AddParameter): Name = "Green_Lifecycle"; Value = ""; VariantName = "[No Variations]"
Add component (AddParameter): Name = "Green_REACh"; Value = ""; VariantName = "[No Variations]"
Add component (AddParameter): Name = "Manufacturer"; Value = "Vishay-Dale"; VariantName = "[No Variations]"
Add component (AddParameter): Name = "MountType"; Value = "SMT"; VariantName = "[No Variations]"
Add component (AddParameter): Name = "PackageReference"; Value = "0402"; VariantName = "[No Variations]"
Add component (AddParameter): Name = "PartNumber"; Value = "CRCW04023K30JNED"; VariantName = "[No Variations]"
Add component (AddParameter): Name = "Power_W"; Value = "63mW"; VariantName = "[No Variations]"
Add component (AddParameter): Name = "Res_ohm"; Value = "3.3k"; VariantName = "[No Variations]"
Add component (AddParameter): Name = "RoHS"; Value = "E"; VariantName = "[No Variations]"
Add component (AddParameter): Name = "SizeArea_mm2"; Value = "0.5"; VariantName = "[No Variations]"
Add component (AddParameter): Name = "SizeX_mm"; Value = "1"; VariantName = "[No Variations]"
Add component (AddParameter): Name = "SizeY_mm"; Value = "0.5"; VariantName = "[No Variations]"
Add component (AddParameter): Name = "SizeZ_mm"; Value = "0.6"; VariantName = "[No Variations]"
Add component (AddParameter): Name = "Supplier 1"; Value = "Digi-Key"; VariantName = "[No Variations]"
Add component (AddParameter): Name = "Supplier 2"; Value = "Newark"; VariantName = "[No Variations]"
Add component (AddParameter): Name = "Supplier 3"; Value = "Mouser"; VariantName = "[No Variations]"
Add component (AddParameter): Name = "Supplier Part Number 1"; Value = "541-3.3KJCT-ND"; VariantName = "[No Variations]"
Add component (AddParameter): Name = "Supplier Part Number 2"; Value = "59M6723"; VariantName = "[No Variations]"
Add component (AddParameter): Name = "Supplier Part Number 3"; Value = "71-CRCW0402J-3.3K-E3"; VariantName = "[No Variations]"
Add component (AddParameter): Name = "Technology"; Value = "Thick Film"; VariantName = "[No Variations]"
Add component (AddParameter): Name = "TempCo"; Value = "200 ppm/C"; VariantName = "[No Variations]"
Add component (AddParameter): Name = "Tolerance_%"; Value = "5%"; VariantName = "[No Variations]"
Add component (AddParameter): Name = "Value"; Value = "3.3k"; VariantName = "[No Variations]"
Add component (AddParameter): Name = "Value1"; Value = "5%"; VariantName = "[No Variations]"
Add component (AddParameter): Name = "Value2"; Value = "0.063W"; VariantName = "[No Variations]"
Add component (AddParameter): Name = "Value_Code"; Value = "3k30"; VariantName = "[No Variations]"
Add component (AddParameter): Name = "ValueDisplayed"; Value = "1k"; VariantName = "[No Variations]"
Add component (AddParameter): Name = "VDC_V"; Value = "50V"; VariantName = "[No Variations]"
Added Component: Designator=R?(0402)
Add component. Clean all parameters for all variants
Add component (AddParameter): Name = "AEC Category"; Value = "Q200"; VariantName = "[No Variations]"
Add component (AddParameter): Name = "AEC Grade"; Value = "0"; VariantName = "[No Variations]"
Add component (AddParameter): Name = "AEC Qualified"; Value = "Y"; VariantName = "[No Variations]"
Add component (AddParameter): Name = "Alternate Manufacturer"; Value = ""; VariantName = "[No Variations]"
Add component (AddParameter): Name = "Alternate PartNumber"; Value = ""; VariantName = "[No Variations]"
Add component (AddParameter): Name = "ComponentLink1Description"; Value = "Datasheet link"; VariantName = "[No Variations]"
Add component (AddParameter): Name = "ComponentLink1URL"; Value = "http://www.vishay.com/docs/20035/dcrcwe3.pdf"; VariantName = "[No Variations]"
Add component (AddParameter): Name = "CompType"; Value = "Resistor"; VariantName = "[No Variations]"
Add component (AddParameter): Name = "EIA_Code"; Value = "E24"; VariantName = "[No Variations]"
Add component (AddParameter): Name = "Green_EU RoHS"; Value = ""; VariantName = "[No Variations]"
Add component (AddParameter): Name = "Green_EU RoHS-2"; Value = ""; VariantName = "[No Variations]"
Add component (AddParameter): Name = "Green_Lifecycle"; Value = ""; VariantName = "[No Variations]"
Add component (AddParameter): Name = "Green_REACh"; Value = ""; VariantName = "[No Variations]"
Add component (AddParameter): Name = "Manufacturer"; Value = "Vishay-Dale"; VariantName = "[No Variations]"
Add component (AddParameter): Name = "MountType"; Value = "SMT"; VariantName = "[No Variations]"
Add component (AddParameter): Name = "PackageReference"; Value = "0402"; VariantName = "[No Variations]"
Add component (AddParameter): Name = "PartNumber"; Value = "CRCW04023K30JNED"; VariantName = "[No Variations]"
Add component (AddParameter): Name = "Power_W"; Value = "63mW"; VariantName = "[No Variations]"
Add component (AddParameter): Name = "Res_ohm"; Value = "3.3k"; VariantName = "[No Variations]"
Add component (AddParameter): Name = "RoHS"; Value = "E"; VariantName = "[No Variations]"
Add component (AddParameter): Name = "SizeArea_mm2"; Value = "0.5"; VariantName = "[No Variations]"
Add component (AddParameter): Name = "SizeX_mm"; Value = "1"; VariantName = "[No Variations]"
Add component (AddParameter): Name = "SizeY_mm"; Value = "0.5"; VariantName = "[No Variations]"
Add component (AddParameter): Name = "SizeZ_mm"; Value = "0.6"; VariantName = "[No Variations]"
Add component (AddParameter): Name = "Supplier 1"; Value = "Digi-Key"; VariantName = "[No Variations]"
Add component (AddParameter): Name = "Supplier 2"; Value = "Newark"; VariantName = "[No Variations]"
Add component (AddParameter): Name = "Supplier 3"; Value = "Mouser"; VariantName = "[No Variations]"
Add component (AddParameter): Name = "Supplier Part Number 1"; Value = "541-3.3KJCT-ND"; VariantName = "[No Variations]"
Add component (AddParameter): Name = "Supplier Part Number 2"; Value = "59M6723"; VariantName = "[No Variations]"
Add component (AddParameter): Name = "Supplier Part Number 3"; Value = "71-CRCW0402J-3.3K-E3"; VariantName = "[No Variations]"
Add component (AddParameter): Name = "Technology"; Value = "Thick Film"; VariantName = "[No Variations]"
Add component (AddParameter): Name = "TempCo"; Value = "200 ppm/C"; VariantName = "[No Variations]"
Add component (AddParameter): Name = "Tolerance_%"; Value = "5%"; VariantName = "[No Variations]"
Add component (AddParameter): Name = "Value"; Value = "3.3k"; VariantName = "[No Variations]"
Add component (AddParameter): Name = "Value1"; Value = "5%"; VariantName = "[No Variations]"
Add component (AddParameter): Name = "Value2"; Value = "0.063W"; VariantName = "[No Variations]"
Add component (AddParameter): Name = "Value_Code"; Value = "3k30"; VariantName = "[No Variations]"
Add component (AddParameter): Name = "ValueDisplayed"; Value = "2k"; VariantName = "[No Variations]"
Add component (AddParameter): Name = "VDC_V"; Value = "50V"; VariantName = "[No Variations]"
Added Component: Designator=R?(RES0603)
Add component. Clean all parameters for all variants
Add component (AddParameter): Name = "Supplier 1"; Value = "Digi-Key"; VariantName = "[No Variations]"
Add component (AddParameter): Name = "Supplier Part Number 1"; Value = "RMCF0603JT10K0CT-ND"; VariantName = "[No Variations]"
Add component (AddParameter): Name = "Value"; Value = "1k"; VariantName = "[No Variations]"
Added Component: Designator=S?(SW DPST jameco)
Add component. Clean all parameters for all variants
Add component (AddParameter): Name = "ComponentLink1Description"; Value = "Manufacturer Link"; VariantName = "[No Variations]"
Add component (AddParameter): Name = "ComponentLink1URL"; Value = "http://www.apem.com"; VariantName = "[No Variations]"
Add component (AddParameter): Name = "DatasheetVersion"; Value = "05-Dec-2000"; VariantName = "[No Variations]"
Add component (AddParameter): Name = "LatestRevisionDate"; Value = "17-Dec-2003"; VariantName = "[No Variations]"
Add component (AddParameter): Name = "LatestRevisionNote"; Value = "Schematic revised, PCB Footprint replaced."; VariantName = "[No Variations]"
Add component (AddParameter): Name = "PackageDescription"; Value = "Switch; 4 Leads"; VariantName = "[No Variations]"
Add component (AddParameter): Name = "PackageReference"; Value = "TL36WW15050"; VariantName = "[No Variations]"
Add component (AddParameter): Name = "Published"; Value = "24-Mar-1999"; VariantName = "[No Variations]"
Add component (AddParameter): Name = "Publisher"; Value = "Altium Limited"; VariantName = "[No Variations]"
Added Pin To Net: NetName=3V3 Pin=C?-1
Added Pin To Net: NetName=3V3 Pin=C?-1
Added Pin To Net: NetName=GND Pin=C?-1
Added Pin To Net: NetName=GND Pin=C?-1
Added Pin To Net: NetName=GND Pin=C?-2
Added Pin To Net: NetName=GND Pin=C?-2
Added Pin To Net: NetName=VCC Pin=C?-2
Added Pin To Net: NetName=3V3 Pin=IC-3
Added Pin To Net: NetName=GND Pin=IC-4
Added Pin To Net: NetName=GND Pin=IC-6
Added Pin To Net: NetName=3V3 Pin=IC-7
Added Pin To Net: NetName=I2C_SCL Pin=IC-8
Added Pin To Net: NetName=I2C_SDA Pin=IC-9
Added Pin To Net: NetName=GND Pin=IC-10
Added Pin To Net: NetName=3V3 Pin=IC-11
Added Pin To Net: NetName=GND Pin=IC-15
Added Pin To Net: NetName=GND Pin=P?-1
Added Pin To Net: NetName=GND Pin=P?-1
Added Pin To Net: NetName=GND Pin=P?-1
Added Pin To Net: NetName=I2C_SCL Pin=P?-1
Added Pin To Net: NetName=I2C_SDA Pin=P?-2
Added Pin To Net: NetName=3V3 Pin=P?-3
Added Pin To Net: NetName=GND Pin=P?-4
Added Pin To Net: NetName=VCC Pin=P?-4
Added Pin To Net: NetName=VCC Pin=P?-4
Added Pin To Net: NetName=VCC Pin=P?-4
Added Pin To Net: NetName=SPI_CLK Pin=P?-5
Added Pin To Net: NetName=SPI_MISO Pin=P?-6
Added Pin To Net: NetName=SPI_MOSI Pin=P?-7
Added Pin To Net: NetName=CAM_CS Pin=P?-8
Added Pin To Net: NetName=FreeIO8 Pin=P?-8
Added Pin To Net: NetName=GND Pin=P?-20
Added Pin To Net: NetName=VCC Pin=P?-21
Added Pin To Net: NetName=VCC Pin=Q?-2
Added Pin To Net: NetName=I2C_SCL Pin=R?-1
Added Pin To Net: NetName=I2C_SDA Pin=R?-1
Added Pin To Net: NetName=3V3 Pin=R?-2
Added Pin To Net: NetName=3V3 Pin=R?-2
Added Pin To Net: NetName=GND Pin=R?-2
Added Pin To Net: NetName=GND Pin=R?-2
Added Pin To Net: NetName=GND Pin=R?-2
Added Pin To Net: NetName=GND Pin=R?-2
Added Pin To Net: NetName=VCC Pin=S?-2
Added Pin To Net: NetName=GND Pin=U?-1
Added Pin To Net: NetName=GND Pin=U?-2
Added Pin To Net: NetName=GND Pin=U?-3
Added Pin To Net: NetName=GND Pin=U?-4
Added Pin To Net: NetName=3V3 Pin=U?-5
Added Pin To Net: NetName=3V3 Pin=U?-6
Added Pin To Net: NetName=3V3 Pin=U?-7
Added Pin To Net: NetName=GND Pin=U?-17
Added Pin To Net: NetName=I2C_SDA Pin=U?-19
Added Pin To Net: NetName=I2C_SCL Pin=U?-20
Added Pin To Net: NetName=3V3 Pin=U?-21
Added Pin To Net: NetName=3V3 Pin=U?-22
Added Pin To Net: NetName=3V3 Pin=U?-23
Added Pin To Net: NetName=I2C_SCL Pin=U?-24
Added Pin To Net: NetName=I2C_SDA Pin=U?-25
Added Pin To Net: NetName=GND Pin=U?-28
Change Net Name : Old Net Name=VCC New Net Name=5V
Added Pin To Net: NetName=5V_BATT Pin=P?-4
Added Pin To Net: NetName=5V_BATT Pin=S?-3
Added Net: Name=5V_BATT
Added Pin To Net: NetName=DRDY Pin=U?-18
Added Net: Name=DRDY
Added Pin To Net: NetName=NetP?_2 Pin=P?-2
Added Pin To Net: NetName=NetP?_2 Pin=R?-2
Added Net: Name=NetP?_2
Added Pin To Net: NetName=NetQ?_1 Pin=Q?-1
Added Pin To Net: NetName=NetQ?_1 Pin=Q?-3
Added Pin To Net: NetName=NetQ?_1 Pin=R?-1
Added Net: Name=NetQ?_1
Added Pin To Net: NetName=SPEAKER Pin=P?-19
Added Pin To Net: NetName=SPEAKER Pin=Q?-1
Added Pin To Net: NetName=SPEAKER Pin=R?-1
Added Net: Name=SPEAKER
Added Pin To Net: NetName=ULTRA_ECHO0 Pin=P?-11
Added Pin To Net: NetName=ULTRA_ECHO0 Pin=R?-1
Added Pin To Net: NetName=ULTRA_ECHO0 Pin=R?-1
Added Net: Name=ULTRA_ECHO0
Added Pin To Net: NetName=ULTRA_ECHO1 Pin=P?-28
Added Pin To Net: NetName=ULTRA_ECHO1 Pin=R?-1
Added Pin To Net: NetName=ULTRA_ECHO1 Pin=R?-1
Added Net: Name=ULTRA_ECHO1
Added Pin To Net: NetName=ULTRA_ECHO2 Pin=P?-30
Added Pin To Net: NetName=ULTRA_ECHO2 Pin=R?-1
Added Pin To Net: NetName=ULTRA_ECHO2 Pin=R?-1
Added Net: Name=ULTRA_ECHO2
Added Pin To Net: NetName=ULTRA_TRIG0 Pin=P?-3
Added Pin To Net: NetName=ULTRA_TRIG0 Pin=P?-13
Added Net: Name=ULTRA_TRIG0
Added Pin To Net: NetName=ULTRA_TRIG1 Pin=P?-3
Added Pin To Net: NetName=ULTRA_TRIG1 Pin=P?-27
Added Net: Name=ULTRA_TRIG1
Added Pin To Net: NetName=ULTRA_TRIG2 Pin=P?-3
Added Pin To Net: NetName=ULTRA_TRIG2 Pin=P?-29
Added Net: Name=ULTRA_TRIG2
Added Class: Name=sensors
Added Member To Class: ClassName=analog Member=Component C? Cap
Added Member To Class: ClassName=analog Member=Component C? Cap
Added Member To Class: ClassName=analog Member=Component C? Cap
Added Member To Class: ClassName=analog Member=Component C? Cap
Added Member To Class: ClassName=analog Member=Component C? Cap
Added Member To Class: ClassName=analog Member=Component C? Cap
Added Member To Class: ClassName=analog Member=Component D 1N4148
Added Member To Class: ClassName=mcu_main Member=Component P? SSQ-110-03-T-D
Added Member To Class: ClassName=mcu_main Member=Component P? SSQ-110-03-T-D
Added Member To Class: ClassName=mcu_main Member=Component P? ArduCAM
Added Member To Class: ClassName=mcu_main Member=Component P? MHDR1X4
Added Member To Class: ClassName=mcu_main Member=Component P? HC-SR04 ULTRASONIC
Added Member To Class: ClassName=mcu_main Member=Component P? HC-SR04 ULTRASONIC
Added Member To Class: ClassName=analog Member=Component Q? 2N2222A
Added Member To Class: ClassName=analog Member=Component Q? 2N2222A
Added Member To Class: ClassName=analog Member=Component Q? IRF3205
Added Member To Class: ClassName=analog Member=Component R? Res
Added Member To Class: ClassName=analog Member=Component R? Res
Added Member To Class: ClassName=analog Member=Component R? Res
Added Member To Class: ClassName=analog Member=Component R? Res
Added Member To Class: ClassName=analog Member=Component R? Res
Added Member To Class: ClassName=analog Member=Component R? Res
Added Member To Class: ClassName=analog Member=Component R? Res
Added Member To Class: ClassName=analog Member=Component R? Res
Added Member To Class: ClassName=analog Member=Component R? Res
Added Member To Class: ClassName=analog Member=Component R? Res
Added Member To Class: ClassName=analog Member=Component R? Res
Added Member To Class: ClassName=analog Member=Component R? Res
Added Member To Class: ClassName=analog Member=Component R? Res
Added Member To Class: ClassName=analog Member=Component R? Res
Added Member To Class: ClassName=analog Member=Component R? Res
Added Member To Class: ClassName=mcu_main Member=Component R? CRCW04023K30JNED
Added Member To Class: ClassName=mcu_main Member=Component R? CRCW04023K30JNED
Added Member To Class: ClassName=mcu_main Member=Component R? CRCW04023K30JNED
Added Member To Class: ClassName=mcu_main Member=Component R? CRCW04023K30JNED
Added Member To Class: ClassName=mcu_main Member=Component R? CRCW04023K30JNED
Added Member To Class: ClassName=mcu_main Member=Component R? CRCW04023K30JNED
Added Member To Class: ClassName=mcu_main Member=Component R? CRCW04023K30JNED
Added Member To Class: ClassName=mcu_main Member=Component S? SW-SPDT
