Removed Pin From Net: NetName=I2C_SCL Pin=U1-24
Removed Pin From Net: NetName=I2C_SDA Pin=U1-25
Change Component Designator: OldDesignator=C? NewDesignator=C16
Change Component Designator: OldDesignator=P? NewDesignator=P9
Change Component Designator: OldDesignator=R? NewDesignator=R19
Change Component Designator: OldDesignator=R? NewDesignator=R20
Change Component Designator: OldDesignator=S? NewDesignator=S2
Added Component: Designator=P10(MHDR2X2)
Add component. Clean all parameters for all variants
Add component (AddParameter): Name = "LatestRevisionDate"; Value = "17-Jul-2002"; VariantName = "[No Variations]"
Add component (AddParameter): Name = "LatestRevisionNote"; Value = "Re-released for DXP Platform."; VariantName = "[No Variations]"
Add component (AddParameter): Name = "Publisher"; Value = "Altium Limited"; VariantName = "[No Variations]"
Added Pin To Net: NetName=DRDY Pin=P7-27
Added Pin To Net: NetName=ACCEL_INT Pin=P7-28
Added Pin To Net: NetName=GYRO_INT Pin=P7-29
Added Pin To Net: NetName=U_ALERT Pin=P7-30
Added Pin To Net: NetName=I2C_SDA Pin=P10-2
Added Pin To Net: NetName=I2C_SCL Pin=P10-4
Added Pin To Net: NetName=SCL_A Pin=P10-3
Added Pin To Net: NetName=SCL_A Pin=U1-24
Added Net: Name=SCL_A
Added Pin To Net: NetName=SDA_A Pin=P10-1
Added Pin To Net: NetName=SDA_A Pin=U1-25
Added Net: Name=SDA_A
Added Member To Class: ClassName=analog Member=Component D 1N4148
Added Member To Class: ClassName=sensors Member=Component P10 MHDR2X2
Added Member To Class: ClassName=msp430 Member=Component R19 Res
