Removed Pin From Net: NetName=WIEN_FILT Pin=C7-1
Removed Pin From Net: NetName=GND Pin=C7-2
Removed Pin From Net: NetName=WIEN_FILT Pin=R13-1
Removed Member From Class: ClassName=analog Member=C7
Removed Member From Class: ClassName=analog Member=R13
Added Component: Designator=C?(CAPC0603)
Add component. Clean all parameters for all variants
Add component (AddParameter): Name = "Supplier 1"; Value = "Digi-Key"; VariantName = "[No Variations]"
Add component (AddParameter): Name = "Supplier Part Number 1"; Value = "1276-1000-1-ND"; VariantName = "[No Variations]"
Add component (AddParameter): Name = "Value"; Value = "10uF"; VariantName = "[No Variations]"
Added Component: Designator=R?(RES0603)
Add component. Clean all parameters for all variants
Add component (AddParameter): Name = "Supplier 1"; Value = "Digi-Key"; VariantName = "[No Variations]"
Add component (AddParameter): Name = "Supplier Part Number 1"; Value = "RMCF0603JT10K0CT-ND"; VariantName = "[No Variations]"
Add component (AddParameter): Name = "Value"; Value = "10"; VariantName = "[No Variations]"
Added Pin To Net: NetName=GND Pin=C?-2
Added Pin To Net: NetName=WIEN_FILT Pin=IC1-6
Added Pin To Net: NetName=WIEN_FILT Pin=IC1-7
Change Net Name : Old Net Name=WIEN_FILT New Net Name=WIEN_BUFFER
Added Pin To Net: NetName=NetC?_1 Pin=C?-1
Added Pin To Net: NetName=NetC?_1 Pin=IC1-5
Added Pin To Net: NetName=NetC?_1 Pin=R?-2
Added Net: Name=NetC?_1
Added Pin To Net: NetName=NetR5_2 Pin=R5-2
Added Pin To Net: NetName=NetR5_2 Pin=R7-1
Added Pin To Net: NetName=NetR5_2 Pin=R?-1
Added Net: Name=NetR5_2
Added Member To Class: ClassName=analog Member=Component C? Cap
Added Member To Class: ClassName=analog Member=Component D 1N4148
Added Member To Class: ClassName=analog Member=Component R? Res
Added Member To Class: ClassName=mcu_main Member=Component R? Res
