Removed Pin From Net: NetName=ULTRA_ECHO0 Pin=R17-1
Removed Pin From Net: NetName=ULTRA_ECHO1 Pin=R18-1
Removed Pin From Net: NetName=ULTRA_ECHO2 Pin=R19-1
Removed Pin From Net: NetName=ULTRA_ECHO0 Pin=R20-1
Removed Pin From Net: NetName=GND Pin=R20-2
Removed Pin From Net: NetName=ULTRA_ECHO1 Pin=R21-1
Removed Pin From Net: NetName=GND Pin=R21-2
Removed Pin From Net: NetName=ULTRA_ECHO2 Pin=R22-1
Removed Pin From Net: NetName=GND Pin=R22-2
Removed Member From Class: ClassName=mcu_main Member=R17
Removed Member From Class: ClassName=mcu_main Member=R18
Removed Member From Class: ClassName=mcu_main Member=R19
Removed Member From Class: ClassName=mcu_main Member=R20
Removed Member From Class: ClassName=mcu_main Member=R21
Removed Member From Class: ClassName=mcu_main Member=R22
Change component parameters: Designator = "C1"; Footprint = "CAPC0603"; UniqueID = "\XXVLMGQE"
Change component parameters. Clean all parameters for all variants
Change component parameters (AddParameter): Name = "Supplier 1"; Value = "Digi-Key"; VariantName = "[No Variations]"
Change component parameters (AddParameter): Name = "Supplier Part Number 1"; Value = "1276-1000-1-ND"; VariantName = "[No Variations]"
Change component parameters (AddParameter): Name = "Value"; Value = "22uF"; VariantName = "[No Variations]"
Added Component: Designator=IC?(SOP40P640X120-20N)
Add component. Clean all parameters for all variants
Add component (AddParameter): Name = "Availability"; Value = "Warning"; VariantName = "[No Variations]"
Add component (AddParameter): Name = "Check_prices"; Value = "https://www.snapeda.com/parts/PCF8574DGVR/Texas%20Instruments/view-part/703843/?ref=eda"; VariantName = "[No Variations]"
Add component (AddParameter): Name = "MF"; Value = "Texas Instruments"; VariantName = "[No Variations]"
Add component (AddParameter): Name = "MP"; Value = "PCF8574DGVR"; VariantName = "[No Variations]"
Add component (AddParameter): Name = "Package"; Value = "TVSOP-20 Texas Instruments"; VariantName = "[No Variations]"
Add component (AddParameter): Name = "Price"; Value = "None"; VariantName = "[No Variations]"
Add component (AddParameter): Name = "Purchase-URL"; Value = "https://pricing.snapeda.com/search/part/PCF8574DGVR/?ref=eda"; VariantName = "[No Variations]"
Add component (AddParameter): Name = "SnapEDA_Link"; Value = "https://www.snapeda.com/parts/PCF8574DGVR/Texas%20Instruments/view-part/703843/?ref=snap"; VariantName = "[No Variations]"
Add component (AddParameter): Name = "Value"; Value = ""; VariantName = "[No Variations]"
Added Component: Designator=IC?(SOP40P640X120-20N)
Add component. Clean all parameters for all variants
Add component (AddParameter): Name = "Availability"; Value = "Warning"; VariantName = "[No Variations]"
Add component (AddParameter): Name = "Check_prices"; Value = "https://www.snapeda.com/parts/PCF8574DGVR/Texas%20Instruments/view-part/703843/?ref=eda"; VariantName = "[No Variations]"
Add component (AddParameter): Name = "MF"; Value = "Texas Instruments"; VariantName = "[No Variations]"
Add component (AddParameter): Name = "MP"; Value = "PCF8574DGVR"; VariantName = "[No Variations]"
Add component (AddParameter): Name = "Package"; Value = "TVSOP-20 Texas Instruments"; VariantName = "[No Variations]"
Add component (AddParameter): Name = "Price"; Value = "None"; VariantName = "[No Variations]"
Add component (AddParameter): Name = "Purchase-URL"; Value = "https://pricing.snapeda.com/search/part/PCF8574DGVR/?ref=eda"; VariantName = "[No Variations]"
Add component (AddParameter): Name = "SnapEDA_Link"; Value = "https://www.snapeda.com/parts/PCF8574DGVR/Texas%20Instruments/view-part/703843/?ref=snap"; VariantName = "[No Variations]"
Add component (AddParameter): Name = "Value"; Value = ""; VariantName = "[No Variations]"
Added Pin To Net: NetName=ULTRA_ECHO0 Pin=P3-2
Added Pin To Net: NetName=ULTRA_ECHO1 Pin=P4-2
Added Pin To Net: NetName=ULTRA_ECHO2 Pin=P5-2
Added Member To Class: ClassName=analog Member=Component D 1N4148
Added Member To Class: ClassName=sensors Member=Component IC? PCF8574DGVR
Added Member To Class: ClassName=sensors Member=Component IC? PCF8574DGVR
